c:\users\15845\source\repos\cmd_qq_hst_v2\cmd_qq_hst_v2\x64\debug\vc141.pdb
c:\users\15845\source\repos\cmd_qq_hst_v2\cmd_qq_hst_v2\x64\debug\vc141.idb
c:\users\15845\source\repos\cmd_qq_hst_v2\cmd_qq_hst_v2\x64\debug\sqltest.obj
c:\users\15845\source\repos\cmd_qq_hst_v2\cmd_qq_hst_v2\x64\debug\sockettest.obj
c:\users\15845\source\repos\cmd_qq_hst_v2\cmd_qq_hst_v2\x64\debug\sha256.obj
c:\users\15845\source\repos\cmd_qq_hst_v2\cmd_qq_hst_v2\x64\debug\old.obj
c:\users\15845\source\repos\cmd_qq_hst_v2\cmd_qq_hst_v2\x64\debug\salttest.obj
c:\users\15845\source\repos\cmd_qq_hst_v2\cmd_qq_hst_v2\x64\debug\db_v1.obj
c:\users\15845\source\repos\cmd_qq_hst_v2\cmd_qq_hst_v2\x64\debug\dbutil.obj
c:\users\15845\source\repos\cmd_qq_hst_v2\cmd_qq_hst_v2\x64\debug\client.obj
c:\users\15845\source\repos\cmd_qq_hst_v2\cmd_qq_hst_v2\x64\debug\vcpkg.applocal.log
c:\users\15845\source\repos\cmd_qq_hst_v2\x64\debug\cmd_qq_hst_v2.exe
c:\users\15845\source\repos\cmd_qq_hst_v2\x64\debug\cmd_qq_hst_v2.ilk
c:\users\15845\source\repos\cmd_qq_hst_v2\x64\debug\cmd_qq_hst_v2.pdb
c:\users\15845\source\repos\cmd_qq_hst_v2\cmd_qq_hst_v2\x64\debug\cmd_qq_hst_v2.tlog\cl.command.1.tlog
c:\users\15845\source\repos\cmd_qq_hst_v2\cmd_qq_hst_v2\x64\debug\cmd_qq_hst_v2.tlog\cl.read.1.tlog
c:\users\15845\source\repos\cmd_qq_hst_v2\cmd_qq_hst_v2\x64\debug\cmd_qq_hst_v2.tlog\cl.write.1.tlog
c:\users\15845\source\repos\cmd_qq_hst_v2\cmd_qq_hst_v2\x64\debug\cmd_qq_hst_v2.tlog\cmd_qq_hst_v2.write.1u.tlog
c:\users\15845\source\repos\cmd_qq_hst_v2\cmd_qq_hst_v2\x64\debug\cmd_qq_hst_v2.tlog\link.command.1.tlog
c:\users\15845\source\repos\cmd_qq_hst_v2\cmd_qq_hst_v2\x64\debug\cmd_qq_hst_v2.tlog\link.read.1.tlog
c:\users\15845\source\repos\cmd_qq_hst_v2\cmd_qq_hst_v2\x64\debug\cmd_qq_hst_v2.tlog\link.write.1.tlog
