2019-10-22 16:08:36 >>>execute: 请求版本协议成功
2019-10-22 16:08:36 >>>execute: 创建socket成功
2019-10-22 16:08:36 >>>execute: 绑定ip，端口成功
2019-10-22 16:08:36 >>>execute: 开始监听

2019-10-22 16:11:37 >>>execute: 请求版本协议成功
2019-10-22 16:11:37 >>>execute: 创建socket成功
2019-10-22 16:11:37 >>>execute: 绑定ip，端口成功
2019-10-22 16:11:37 >>>execute: 开始监听

2019-10-22 17:01:01 >>>execute: 请求版本协议成功
2019-10-22 17:01:01 >>>execute: 创建socket成功
2019-10-22 17:01:01 >>>execute: 绑定ip，端口成功
2019-10-22 17:01:01 >>>execute: 开始监听

2019-10-22 17:17:45 >>>execute: 请求版本协议成功
2019-10-22 17:17:45 >>>execute: 创建socket成功
2019-10-22 17:17:45 >>>execute: 绑定ip，端口成功
2019-10-22 17:17:45 >>>execute: 开始监听

2019-10-22 17:32:35 >>>execute: 请求版本协议成功
2019-10-22 17:32:35 >>>execute: 创建socket成功
2019-10-22 17:32:35 >>>execute: 绑定ip，端口成功
2019-10-22 17:32:35 >>>execute: 开始监听

2019-10-22 17:37:26 >>>execute: 请求版本协议成功
2019-10-22 17:37:26 >>>execute: 创建socket成功
2019-10-22 17:37:26 >>>execute: 绑定ip，端口成功
2019-10-22 17:37:26 >>>execute: 开始监听

2019-10-22 23:58:04 >>>execute: 请求版本协议成功
2019-10-22 23:58:04 >>>execute: 创建socket成功
2019-10-22 23:58:04 >>>execute: 绑定ip，端口成功
2019-10-22 23:58:04 >>>execute: 开始监听

2019-10-23 12:28:21 >>>execute: 请求版本协议成功
2019-10-23 12:28:21 >>>execute: 创建socket成功
2019-10-23 12:28:21 >>>execute: 绑定ip，端口成功
2019-10-23 12:28:21 >>>execute: 开始监听

2019-10-23 12:38:01 >>>execute: 请求版本协议成功
2019-10-23 12:38:01 >>>execute: 创建socket成功
2019-10-23 12:38:01 >>>execute: 绑定ip，端口成功
2019-10-23 12:38:01 >>>execute: 开始监听

2019-10-23 12:46:20 >>>execute: 请求版本协议成功
2019-10-23 12:46:20 >>>execute: 创建socket成功
2019-10-23 12:46:20 >>>execute: 绑定ip，端口成功
2019-10-23 12:46:20 >>>execute: 开始监听

2019-10-23 12:48:05 >>>execute: 请求版本协议成功
2019-10-23 12:48:05 >>>execute: 创建socket成功
2019-10-23 12:48:05 >>>execute: 绑定ip，端口成功
2019-10-23 12:48:05 >>>execute: 开始监听

2019-10-23 13:55:04 >>>execute: 请求版本协议成功
2019-10-23 13:55:04 >>>execute: 创建socket成功
2019-10-23 13:55:04 >>>execute: 绑定ip，端口成功
2019-10-23 13:55:04 >>>execute: 开始监听

2019-10-23 13:55:30 >>>execute: 请求版本协议成功
2019-10-23 13:55:30 >>>execute: 创建socket成功
2019-10-23 13:55:30 >>>execute: 绑定ip，端口成功
2019-10-23 13:55:30 >>>execute: 开始监听

2019-10-23 13:58:24 >>>execute: 请求版本协议成功
2019-10-23 13:58:24 >>>execute: 创建socket成功
2019-10-23 13:58:24 >>>execute: 绑定ip，端口成功
2019-10-23 13:58:24 >>>execute: 开始监听

2019-10-23 14:06:28 >>>execute: 请求版本协议成功
2019-10-23 14:06:28 >>>execute: 创建socket成功
2019-10-23 14:06:28 >>>execute: 绑定ip，端口成功
2019-10-23 14:06:28 >>>execute: 开始监听

2019-10-23 14:09:07 >>>execute: 请求版本协议成功
2019-10-23 14:09:07 >>>execute: 创建socket成功
2019-10-23 14:09:07 >>>execute: 绑定ip，端口成功
2019-10-23 14:09:07 >>>execute: 开始监听

2019-10-23 14:10:08 >>>execute: 请求版本协议成功
2019-10-23 14:10:08 >>>execute: 创建socket成功
2019-10-23 14:10:08 >>>execute: 绑定ip，端口成功
2019-10-23 14:10:08 >>>execute: 开始监听

2019-10-23 14:28:26 >>>execute: 请求版本协议成功
2019-10-23 14:28:26 >>>execute: 创建socket成功
2019-10-23 14:28:26 >>>execute: 绑定ip，端口成功
2019-10-23 14:28:26 >>>execute: 开始监听

2019-10-23 14:29:18 >>>execute: 请求版本协议成功
2019-10-23 14:29:18 >>>execute: 创建socket成功
2019-10-23 14:29:18 >>>execute: 绑定ip，端口成功
2019-10-23 14:29:18 >>>execute: 开始监听

2019-10-23 14:32:00 >>>execute: 请求版本协议成功
2019-10-23 14:32:00 >>>execute: 创建socket成功
2019-10-23 14:32:00 >>>execute: 绑定ip，端口成功
2019-10-23 14:32:00 >>>execute: 开始监听

2019-10-23 14:47:08 >>>execute: 请求版本协议成功
2019-10-23 14:47:08 >>>execute: 创建socket成功
2019-10-23 14:47:08 >>>execute: 绑定ip，端口成功
2019-10-23 14:47:08 >>>execute: 开始监听

2019-10-23 14:56:43 >>>execute: 请求版本协议成功
2019-10-23 14:56:43 >>>execute: 创建socket成功
2019-10-23 14:56:43 >>>execute: 绑定ip，端口成功
2019-10-23 14:56:43 >>>execute: 开始监听

2019-10-23 15:01:42 >>>execute: 请求版本协议成功
2019-10-23 15:01:42 >>>execute: 创建socket成功
2019-10-23 15:01:42 >>>execute: 绑定ip，端口成功
2019-10-23 15:01:42 >>>execute: 开始监听

2019-10-23 15:02:36 >>>execute: 请求版本协议成功
2019-10-23 15:02:36 >>>execute: 创建socket成功
2019-10-23 15:02:36 >>>execute: 绑定ip，端口成功
2019-10-23 15:02:36 >>>execute: 开始监听

2019-10-23 18:53:51 >>>execute: 请求版本协议成功
2019-10-23 18:53:51 >>>execute: 创建socket成功
2019-10-23 18:53:51 >>>execute: 绑定ip，端口成功
2019-10-23 18:53:51 >>>execute: 开始监听

2019-10-23 19:00:50 >>>execute: 请求版本协议成功
2019-10-23 19:00:50 >>>execute: 创建socket成功
2019-10-23 19:00:50 >>>execute: 绑定ip，端口成功
2019-10-23 19:00:50 >>>execute: 开始监听

2019-10-23 19:01:08 >>>execute: 请求版本协议成功
2019-10-23 19:01:08 >>>execute: 创建socket成功
2019-10-23 19:01:08 >>>execute: 绑定ip，端口成功
2019-10-23 19:01:08 >>>execute: 开始监听

2019-10-23 19:02:33 >>>execute: 请求版本协议成功
2019-10-23 19:02:33 >>>execute: 创建socket成功
2019-10-23 19:02:33 >>>execute: 绑定ip，端口成功
2019-10-23 19:02:33 >>>execute: 开始监听

2019-10-23 19:05:06 >>>execute: 请求版本协议成功
2019-10-23 19:05:06 >>>execute: 创建socket成功
2019-10-23 19:05:06 >>>execute: 绑定ip，端口成功
2019-10-23 19:05:06 >>>execute: 开始监听

2019-10-23 20:08:28 >>>execute: 请求版本协议成功
2019-10-23 20:08:28 >>>execute: 创建socket成功
2019-10-23 20:08:28 >>>execute: 绑定ip，端口成功
2019-10-23 20:08:28 >>>execute: 开始监听

2019-10-23 20:18:26 >>>execute: 请求版本协议成功
2019-10-23 20:18:26 >>>execute: 创建socket成功
2019-10-23 20:18:26 >>>execute: 绑定ip，端口成功
2019-10-23 20:18:26 >>>execute: 开始监听

2019-10-23 20:18:55 >>>execute: 请求版本协议成功
2019-10-23 20:18:55 >>>execute: 创建socket成功
2019-10-23 20:18:55 >>>execute: 绑定ip，端口成功
2019-10-23 20:18:55 >>>execute: 开始监听

2019-10-23 20:19:11 >>>execute: 请求版本协议成功
2019-10-23 20:19:11 >>>execute: 创建socket成功
2019-10-23 20:19:11 >>>execute: 绑定ip，端口成功
2019-10-23 20:19:11 >>>execute: 开始监听

2019-10-23 20:20:46 >>>execute: 请求版本协议成功
2019-10-23 20:20:46 >>>execute: 创建socket成功
2019-10-23 20:20:46 >>>execute: 绑定ip，端口成功
2019-10-23 20:20:46 >>>execute: 开始监听

2019-10-23 20:21:23 >>>execute: 请求版本协议成功
2019-10-23 20:21:23 >>>execute: 创建socket成功
2019-10-23 20:21:23 >>>execute: 绑定ip，端口成功
2019-10-23 20:21:23 >>>execute: 开始监听

2019-10-23 20:22:27 >>>execute: 请求版本协议成功
2019-10-23 20:22:27 >>>execute: 创建socket成功
2019-10-23 20:22:27 >>>execute: 绑定ip，端口成功
2019-10-23 20:22:27 >>>execute: 开始监听

2019-10-23 20:22:45 >>>execute: 请求版本协议成功
2019-10-23 20:22:45 >>>execute: 创建socket成功
2019-10-23 20:22:45 >>>execute: 绑定ip，端口成功
2019-10-23 20:22:45 >>>execute: 开始监听

2019-10-23 20:25:03 >>>execute: 请求版本协议成功
2019-10-23 20:25:03 >>>execute: 创建socket成功
2019-10-23 20:25:03 >>>execute: 绑定ip，端口成功
2019-10-23 20:25:03 >>>execute: 开始监听

2019-10-23 20:25:50 >>>execute: 请求版本协议成功
2019-10-23 20:25:50 >>>execute: 创建socket成功
2019-10-23 20:25:50 >>>execute: 绑定ip，端口成功
2019-10-23 20:25:50 >>>execute: 开始监听

2019-10-23 20:26:46 >>>execute: 请求版本协议成功
2019-10-23 20:26:46 >>>execute: 创建socket成功
2019-10-23 20:26:46 >>>execute: 绑定ip，端口成功
2019-10-23 20:26:46 >>>execute: 开始监听

2019-10-23 20:30:58 >>>execute: 请求版本协议成功
2019-10-23 20:30:58 >>>execute: 创建socket成功
2019-10-23 20:30:58 >>>execute: 绑定ip，端口成功
2019-10-23 20:30:58 >>>execute: 开始监听

2019-10-23 20:32:08 >>>execute: 请求版本协议成功
2019-10-23 20:32:08 >>>execute: 创建socket成功
2019-10-23 20:32:08 >>>execute: 绑定ip，端口成功
2019-10-23 20:32:08 >>>execute: 开始监听

2019-10-23 20:33:33 >>>execute: 请求版本协议成功
2019-10-23 20:33:33 >>>execute: 创建socket成功
2019-10-23 20:33:33 >>>execute: 绑定ip，端口成功
2019-10-23 20:33:33 >>>execute: 开始监听

2019-10-23 20:35:05 >>>execute: 请求版本协议成功
2019-10-23 20:35:05 >>>execute: 创建socket成功
2019-10-23 20:35:05 >>>execute: 绑定ip，端口成功
2019-10-23 20:35:05 >>>execute: 开始监听

2019-10-23 20:40:58 >>>execute: 请求版本协议成功
2019-10-23 20:40:58 >>>execute: 创建socket成功
2019-10-23 20:40:58 >>>execute: 绑定ip，端口成功
2019-10-23 20:40:58 >>>execute: 开始监听

2019-10-23 20:41:49 >>>execute: 请求版本协议成功
2019-10-23 20:41:49 >>>execute: 创建socket成功
2019-10-23 20:41:49 >>>execute: 绑定ip，端口成功
2019-10-23 20:41:49 >>>execute: 开始监听

2019-10-23 20:42:02 >>>execute: 请求版本协议成功
2019-10-23 20:42:02 >>>execute: 创建socket成功
2019-10-23 20:42:02 >>>execute: 绑定ip，端口成功
2019-10-23 20:42:02 >>>execute: 开始监听

2019-10-23 20:42:20 >>>execute: 请求版本协议成功
2019-10-23 20:42:20 >>>execute: 创建socket成功
2019-10-23 20:42:20 >>>execute: 绑定ip，端口成功
2019-10-23 20:42:20 >>>execute: 开始监听

2019-10-23 20:42:29 >>>execute: 请求版本协议成功
2019-10-23 20:42:29 >>>execute: 创建socket成功
2019-10-23 20:42:29 >>>execute: 绑定ip，端口成功
2019-10-23 20:42:29 >>>execute: 开始监听

2019-10-24 11:51:42 >>>execute: 请求版本协议成功
2019-10-24 11:51:42 >>>execute: 创建socket成功
2019-10-24 11:51:42 >>>execute: 绑定ip，端口成功
2019-10-24 11:51:42 >>>execute: 开始监听

2019-10-24 11:52:32 >>>execute: 请求版本协议成功
2019-10-24 11:52:32 >>>execute: 创建socket成功
2019-10-24 11:52:32 >>>execute: 绑定ip，端口成功
2019-10-24 11:52:32 >>>execute: 开始监听

2019-10-24 11:57:10 >>>execute: 请求版本协议成功
2019-10-24 11:57:10 >>>execute: 创建socket成功
2019-10-24 11:57:10 >>>execute: 绑定ip，端口成功
2019-10-24 11:57:10 >>>execute: 开始监听

2019-10-24 11:57:32 >>>execute: 请求版本协议成功
2019-10-24 11:57:32 >>>execute: 创建socket成功
2019-10-24 11:57:32 >>>execute: 绑定ip，端口成功
2019-10-24 11:57:32 >>>execute: 开始监听

2019-10-24 11:57:45 >>>execute: 请求版本协议成功
2019-10-24 11:57:45 >>>execute: 创建socket成功
2019-10-24 11:57:45 >>>execute: 绑定ip，端口成功
2019-10-24 11:57:45 >>>execute: 开始监听

2019-10-24 11:58:12 >>>execute: 请求版本协议成功
2019-10-24 11:58:12 >>>execute: 创建socket成功
2019-10-24 11:58:12 >>>execute: 绑定ip，端口成功
2019-10-24 11:58:12 >>>execute: 开始监听

2019-10-24 12:07:31 >>>execute: 请求版本协议成功
2019-10-24 12:07:31 >>>execute: 创建socket成功
2019-10-24 12:07:31 >>>execute: 绑定ip，端口成功
2019-10-24 12:07:31 >>>execute: 开始监听

2019-10-24 12:08:17 >>>execute: 请求版本协议成功
2019-10-24 12:08:17 >>>execute: 创建socket成功
2019-10-24 12:08:17 >>>execute: 绑定ip，端口成功
2019-10-24 12:08:17 >>>execute: 开始监听

2019-10-24 16:04:02 >>>execute: 请求版本协议成功
2019-10-24 16:04:02 >>>execute: 创建socket成功
2019-10-24 16:04:02 >>>execute: 绑定ip，端口成功
2019-10-24 16:04:02 >>>execute: 开始监听

2019-10-24 16:04:24 >>>execute: 请求版本协议成功
2019-10-24 16:04:24 >>>execute: 创建socket成功
2019-10-24 16:04:24 >>>execute: 绑定ip，port失败
2019-10-24 16:04:50 >>>execute: 请求版本协议成功
2019-10-24 16:04:50 >>>execute: 创建socket成功
2019-10-24 16:04:50 >>>execute: 绑定ip，port失败
2019-10-24 16:05:06 >>>execute: 请求版本协议成功
2019-10-24 16:05:06 >>>execute: 创建socket成功
2019-10-24 16:05:06 >>>execute: 绑定ip，端口成功
2019-10-24 16:05:06 >>>execute: 开始监听

2019-10-24 16:09:50 >>>execute: 请求版本协议成功
2019-10-24 16:09:50 >>>execute: 创建socket成功
2019-10-24 16:09:50 >>>execute: 绑定ip，端口成功
2019-10-24 16:09:50 >>>execute: 开始监听

2019-10-24 16:10:39 >>>execute: 请求版本协议成功
2019-10-24 16:10:39 >>>execute: 创建socket成功
2019-10-24 16:10:39 >>>execute: 绑定ip，端口成功
2019-10-24 16:10:39 >>>execute: 开始监听

2019-10-24 16:11:22 >>>execute: 请求版本协议成功
2019-10-24 16:11:22 >>>execute: 创建socket成功
2019-10-24 16:11:22 >>>execute: 绑定ip，端口成功
2019-10-24 16:11:22 >>>execute: 开始监听

2019-10-24 16:33:04 >>>execute: 请求版本协议成功
2019-10-24 16:33:04 >>>execute: 创建socket成功
2019-10-24 16:33:04 >>>execute: 绑定ip，端口成功
2019-10-24 16:33:04 >>>execute: 开始监听

2019-10-24 16:33:24 >>>execute: 请求版本协议成功
2019-10-24 16:33:24 >>>execute: 创建socket成功
2019-10-24 16:33:24 >>>execute: 绑定ip，端口成功
2019-10-24 16:33:24 >>>execute: 开始监听

2019-10-24 16:39:15 >>>execute: 请求版本协议成功
2019-10-24 16:39:15 >>>execute: 创建socket成功
2019-10-24 16:39:15 >>>execute: 绑定ip，端口成功
2019-10-24 16:39:15 >>>execute: 开始监听

2019-10-24 16:40:09 >>>execute: 请求版本协议成功
2019-10-24 16:40:09 >>>execute: 创建socket成功
2019-10-24 16:40:09 >>>execute: 绑定ip，端口成功
2019-10-24 16:40:09 >>>execute: 开始监听

2019-10-24 16:41:08 >>>execute: 请求版本协议成功
2019-10-24 16:41:08 >>>execute: 创建socket成功
2019-10-24 16:41:08 >>>execute: 绑定ip，端口成功
2019-10-24 16:41:08 >>>execute: 开始监听

2019-10-24 16:41:24 >>>execute: 请求版本协议成功
2019-10-24 16:41:24 >>>execute: 创建socket成功
2019-10-24 16:41:24 >>>execute: 绑定ip，端口成功
2019-10-24 16:41:24 >>>execute: 开始监听

2019-10-24 16:42:30 >>>execute: 请求版本协议成功
2019-10-24 16:42:30 >>>execute: 创建socket成功
2019-10-24 16:42:30 >>>execute: 绑定ip，端口成功
2019-10-24 16:42:30 >>>execute: 开始监听

2019-10-24 16:43:25 >>>execute: 请求版本协议成功
2019-10-24 16:43:25 >>>execute: 创建socket成功
2019-10-24 16:43:25 >>>execute: 绑定ip，端口成功
2019-10-24 16:43:25 >>>execute: 开始监听

2019-10-24 16:53:05 >>>execute: 请求版本协议成功
2019-10-24 16:53:05 >>>execute: 创建socket成功
2019-10-24 16:53:05 >>>execute: 绑定ip，端口成功
2019-10-24 16:53:05 >>>execute: 开始监听

2019-10-24 16:54:08 >>>execute: 请求版本协议成功
2019-10-24 16:54:08 >>>execute: 创建socket成功
2019-10-24 16:54:08 >>>execute: 绑定ip，端口成功
2019-10-24 16:54:08 >>>execute: 开始监听

2019-10-24 16:56:10 >>>execute: 请求版本协议成功
2019-10-24 16:56:10 >>>execute: 创建socket成功
2019-10-24 16:56:10 >>>execute: 绑定ip，端口成功
2019-10-24 16:56:10 >>>execute: 开始监听

2019-10-24 17:00:23 >>>execute: 请求版本协议成功
2019-10-24 17:00:23 >>>execute: 创建socket成功
2019-10-24 17:00:23 >>>execute: 绑定ip，端口成功
2019-10-24 17:00:23 >>>execute: 开始监听

2019-10-24 17:14:59 >>>execute: 请求版本协议成功
2019-10-24 17:14:59 >>>execute: 创建socket成功
2019-10-24 17:14:59 >>>execute: 绑定ip，端口成功
2019-10-24 17:14:59 >>>execute: 开始监听

2019-10-24 17:15:37 >>>execute: 请求版本协议成功
2019-10-24 17:15:37 >>>execute: 创建socket成功
2019-10-24 17:15:37 >>>execute: 绑定ip，端口成功
2019-10-24 17:15:37 >>>execute: 开始监听

2019-10-24 17:18:09 >>>execute: 请求版本协议成功
2019-10-24 17:18:09 >>>execute: 创建socket成功
2019-10-24 17:18:09 >>>execute: 绑定ip，端口成功
2019-10-24 17:18:09 >>>execute: 开始监听

2019-10-24 17:18:29 >>>execute: 请求版本协议成功
2019-10-24 17:18:29 >>>execute: 创建socket成功
2019-10-24 17:18:29 >>>execute: 绑定ip，端口成功
2019-10-24 17:18:29 >>>execute: 开始监听

2019-10-24 17:18:58 >>>execute: 请求版本协议成功
2019-10-24 17:18:58 >>>execute: 创建socket成功
2019-10-24 17:18:58 >>>execute: 绑定ip，端口成功
2019-10-24 17:18:58 >>>execute: 开始监听

2019-10-24 17:20:06 >>>execute: 请求版本协议成功
2019-10-24 17:20:06 >>>execute: 创建socket成功
2019-10-24 17:20:06 >>>execute: 绑定ip，端口成功
2019-10-24 17:20:06 >>>execute: 开始监听

2019-10-24 17:20:26 >>>execute: 请求版本协议成功
2019-10-24 17:20:26 >>>execute: 创建socket成功
2019-10-24 17:20:26 >>>execute: 绑定ip，端口成功
2019-10-24 17:20:26 >>>execute: 开始监听

2019-10-24 17:20:53 >>>execute: 请求版本协议成功
2019-10-24 17:20:53 >>>execute: 创建socket成功
2019-10-24 17:20:53 >>>execute: 绑定ip，端口成功
2019-10-24 17:20:53 >>>execute: 开始监听

2019-10-24 17:21:45 >>>execute: 请求版本协议成功
2019-10-24 17:21:45 >>>execute: 创建socket成功
2019-10-24 17:21:45 >>>execute: 绑定ip，端口成功
2019-10-24 17:21:45 >>>execute: 开始监听

2019-10-24 17:22:11 >>>execute: 请求版本协议成功
2019-10-24 17:22:11 >>>execute: 创建socket成功
2019-10-24 17:22:11 >>>execute: 绑定ip，端口成功
2019-10-24 17:22:11 >>>execute: 开始监听

2019-10-24 17:24:31 >>>execute: 请求版本协议成功
2019-10-24 17:24:31 >>>execute: 创建socket成功
2019-10-24 17:24:31 >>>execute: 绑定ip，端口成功
2019-10-24 17:24:31 >>>execute: 开始监听

2019-10-24 17:24:46 >>>execute: 请求版本协议成功
2019-10-24 17:24:46 >>>execute: 创建socket成功
2019-10-24 17:24:46 >>>execute: 绑定ip，端口成功
2019-10-24 17:24:46 >>>execute: 开始监听

2019-10-24 17:25:33 >>>execute: 请求版本协议成功
2019-10-24 17:25:33 >>>execute: 创建socket成功
2019-10-24 17:25:33 >>>execute: 绑定ip，port失败
2019-10-24 17:26:04 >>>execute: 请求版本协议成功
2019-10-24 17:26:04 >>>execute: 创建socket成功
2019-10-24 17:26:04 >>>execute: 绑定ip，端口成功
2019-10-24 17:26:04 >>>execute: 开始监听

2019-10-24 17:28:14 >>>execute: 请求版本协议成功
2019-10-24 17:28:14 >>>execute: 创建socket成功
2019-10-24 17:28:14 >>>execute: 绑定ip，端口成功
2019-10-24 17:28:14 >>>execute: 开始监听

2019-10-24 17:29:01 >>>execute: 请求版本协议成功
2019-10-24 17:29:01 >>>execute: 创建socket成功
2019-10-24 17:29:01 >>>execute: 绑定ip，端口成功
2019-10-24 17:29:01 >>>execute: 开始监听

2019-10-24 17:29:14 >>>execute: 请求版本协议成功
2019-10-24 17:29:14 >>>execute: 创建socket成功
2019-10-24 17:29:14 >>>execute: 绑定ip，端口成功
2019-10-24 17:29:14 >>>execute: 开始监听

2019-10-24 17:29:50 >>>execute: 请求版本协议成功
2019-10-24 17:29:50 >>>execute: 创建socket成功
2019-10-24 17:29:50 >>>execute: 绑定ip，端口成功
2019-10-24 17:29:50 >>>execute: 开始监听

2019-10-24 17:38:04 >>>execute: 请求版本协议成功
2019-10-24 17:38:04 >>>execute: 创建socket成功
2019-10-24 17:38:04 >>>execute: 绑定ip，端口成功
2019-10-24 17:38:04 >>>execute: 开始监听

2019-10-24 17:39:56 >>>execute: 请求版本协议成功
2019-10-24 17:39:56 >>>execute: 创建socket成功
2019-10-24 17:39:56 >>>execute: 绑定ip，端口成功
2019-10-24 17:39:56 >>>execute: 开始监听

2019-10-24 17:53:58 >>>execute: 请求版本协议成功
2019-10-24 17:53:58 >>>execute: 创建socket成功
2019-10-24 17:53:58 >>>execute: 绑定ip，端口成功
2019-10-24 17:53:58 >>>execute: 开始监听

2019-10-24 17:55:24 >>>execute: 请求版本协议成功
2019-10-24 17:55:24 >>>execute: 创建socket成功
2019-10-24 17:55:24 >>>execute: 绑定ip，端口成功
2019-10-24 17:55:24 >>>execute: 开始监听

2019-10-24 17:55:49 >>>execute: 请求版本协议成功
2019-10-24 17:55:49 >>>execute: 创建socket成功
2019-10-24 17:55:49 >>>execute: 绑定ip，端口成功
2019-10-24 17:55:49 >>>execute: 开始监听

2019-10-24 17:58:12 >>>execute: 请求版本协议成功
2019-10-24 17:58:12 >>>execute: 创建socket成功
2019-10-24 17:58:12 >>>execute: 绑定ip，端口成功
2019-10-24 17:58:12 >>>execute: 开始监听

2019-10-24 17:58:32 >>>execute: 请求版本协议成功
2019-10-24 17:58:32 >>>execute: 创建socket成功
2019-10-24 17:58:32 >>>execute: 绑定ip，端口成功
2019-10-24 17:58:32 >>>execute: 开始监听

2019-10-24 18:02:11 >>>execute: 请求版本协议成功
2019-10-24 18:02:11 >>>execute: 创建socket成功
2019-10-24 18:02:11 >>>execute: 绑定ip，端口成功
2019-10-24 18:02:11 >>>execute: 开始监听

2019-10-24 18:03:11 >>>execute: 请求版本协议成功
2019-10-24 18:03:11 >>>execute: 创建socket成功
2019-10-24 18:03:11 >>>execute: 绑定ip，端口成功
2019-10-24 18:03:11 >>>execute: 开始监听

2019-10-24 18:04:39 >>>execute: 请求版本协议成功
2019-10-24 18:04:39 >>>execute: 创建socket成功
2019-10-24 18:04:39 >>>execute: 绑定ip，port失败
2019-10-24 18:05:21 >>>execute: 请求版本协议成功
2019-10-24 18:05:21 >>>execute: 创建socket成功
2019-10-24 18:05:21 >>>execute: 绑定ip，端口成功
2019-10-24 18:05:21 >>>execute: 开始监听

2019-10-24 18:08:37 >>>execute: 请求版本协议成功
2019-10-24 18:08:37 >>>execute: 创建socket成功
2019-10-24 18:08:37 >>>execute: 绑定ip，端口成功
2019-10-24 18:08:37 >>>execute: 开始监听

2019-10-24 18:09:06 >>>execute: 请求版本协议成功
2019-10-24 18:09:06 >>>execute: 创建socket成功
2019-10-24 18:09:06 >>>execute: 绑定ip，port失败
2019-10-24 18:09:28 >>>execute: 请求版本协议成功
2019-10-24 18:09:28 >>>execute: 创建socket成功
2019-10-24 18:09:28 >>>execute: 绑定ip，端口成功
2019-10-24 18:09:28 >>>execute: 开始监听

2019-10-24 18:09:39 >>>execute: 请求版本协议成功
2019-10-24 18:09:39 >>>execute: 创建socket成功
2019-10-24 18:09:39 >>>execute: 绑定ip，端口成功
2019-10-24 18:09:39 >>>execute: 开始监听

2019-10-24 18:10:47 >>>execute: 请求版本协议成功
2019-10-24 18:10:47 >>>execute: 创建socket成功
2019-10-24 18:10:47 >>>execute: 绑定ip，端口成功
2019-10-24 18:10:47 >>>execute: 开始监听

2019-10-24 18:11:54 >>>execute: 请求版本协议成功
2019-10-24 18:11:54 >>>execute: 创建socket成功
2019-10-24 18:11:54 >>>execute: 绑定ip，端口成功
2019-10-24 18:11:54 >>>execute: 开始监听

2019-10-24 18:12:06 >>>execute: 请求版本协议成功
2019-10-24 18:12:06 >>>execute: 创建socket成功
2019-10-24 18:12:06 >>>execute: 绑定ip，端口成功
2019-10-24 18:12:06 >>>execute: 开始监听

2019-10-24 18:15:56 >>>execute: 请求版本协议成功
2019-10-24 18:15:56 >>>execute: 创建socket成功
2019-10-24 18:15:56 >>>execute: 绑定ip，端口成功
2019-10-24 18:15:56 >>>execute: 开始监听

2019-10-24 18:17:59 >>>execute: 请求版本协议成功
2019-10-24 18:17:59 >>>execute: 创建socket成功
2019-10-24 18:17:59 >>>execute: 绑定ip，端口成功
2019-10-24 18:17:59 >>>execute: 开始监听

2019-10-24 18:57:46 >>>execute: 请求版本协议成功
2019-10-24 18:57:46 >>>execute: 创建socket成功
2019-10-24 18:57:46 >>>execute: 绑定ip，端口成功
2019-10-24 18:57:46 >>>execute: 开始监听

2019-10-24 19:13:33 >>>execute: 请求版本协议成功
2019-10-24 19:13:33 >>>execute: 创建socket成功
2019-10-24 19:13:33 >>>execute: 绑定ip，端口成功
2019-10-24 19:13:33 >>>execute: 开始监听

2019-10-24 19:19:39 >>>execute: 请求版本协议成功
2019-10-24 19:19:39 >>>execute: 创建socket成功
2019-10-24 19:19:39 >>>execute: 绑定ip，端口成功
2019-10-24 19:19:39 >>>execute: 开始监听

2019-10-24 19:22:40 >>>execute: 请求版本协议成功
2019-10-24 19:22:40 >>>execute: 创建socket成功
2019-10-24 19:22:40 >>>execute: 绑定ip，端口成功
2019-10-24 19:22:40 >>>execute: 开始监听

2019-10-24 19:31:54 >>>execute: 请求版本协议成功
2019-10-24 19:31:54 >>>execute: 创建socket成功
2019-10-24 19:31:54 >>>execute: 绑定ip，端口成功
2019-10-24 19:31:54 >>>execute: 开始监听

2019-10-24 19:33:03 >>>execute: 请求版本协议成功
2019-10-24 19:33:03 >>>execute: 创建socket成功
2019-10-24 19:33:03 >>>execute: 绑定ip，端口成功
2019-10-24 19:33:03 >>>execute: 开始监听

2019-10-24 19:34:39 >>>execute: 请求版本协议成功
2019-10-24 19:34:39 >>>execute: 创建socket成功
2019-10-24 19:34:39 >>>execute: 绑定ip，端口成功
2019-10-24 19:34:39 >>>execute: 开始监听

2019-10-24 19:36:26 >>>execute: 请求版本协议成功
2019-10-24 19:36:26 >>>execute: 创建socket成功
2019-10-24 19:36:26 >>>execute: 绑定ip，端口成功
2019-10-24 19:36:26 >>>execute: 开始监听

2019-10-24 19:37:13 >>>execute: 请求版本协议成功
2019-10-24 19:37:13 >>>execute: 创建socket成功
2019-10-24 19:37:14 >>>execute: 绑定ip，端口成功
2019-10-24 19:37:14 >>>execute: 开始监听

2019-10-24 19:41:07 >>>execute: 请求版本协议成功
2019-10-24 19:41:07 >>>execute: 创建socket成功
2019-10-24 19:41:07 >>>execute: 绑定ip，端口成功
2019-10-24 19:41:07 >>>execute: 开始监听

2019-10-24 19:41:41 >>>execute: 请求版本协议成功
2019-10-24 19:41:41 >>>execute: 创建socket成功
2019-10-24 19:41:41 >>>execute: 绑定ip，端口成功
2019-10-24 19:41:41 >>>execute: 开始监听

2019-10-24 19:48:15 >>>execute: 请求版本协议成功
2019-10-24 19:48:15 >>>execute: 创建socket成功
2019-10-24 19:48:15 >>>execute: 绑定ip，端口成功
2019-10-24 19:48:15 >>>execute: 开始监听

2019-10-24 23:50:50 >>>execute: 请求版本协议成功
2019-10-24 23:50:50 >>>execute: 创建socket成功
2019-10-24 23:50:50 >>>execute: 绑定ip，端口成功
2019-10-24 23:50:50 >>>execute: 开始监听

2019-10-24 23:53:54 >>>execute: 请求版本协议成功
2019-10-24 23:53:54 >>>execute: 创建socket成功
2019-10-24 23:53:54 >>>execute: 绑定ip，端口成功
2019-10-24 23:53:54 >>>execute: 开始监听

2019-10-26 00:27:05 >>>execute: 请求版本协议成功
2019-10-26 00:27:05 >>>execute: 创建socket成功
2019-10-26 00:27:05 >>>execute: 绑定ip，端口成功
2019-10-26 00:27:05 >>>execute: 开始监听

2019-10-29 15:13:16 >>>execute: 请求版本协议成功
2019-10-29 15:13:16 >>>execute: 创建socket成功
2019-10-29 15:13:16 >>>execute: 绑定ip，端口成功
2019-10-29 15:13:16 >>>execute: 开始监听

2019-10-29 15:32:31 >>>execute: 请求版本协议成功
2019-10-29 15:32:31 >>>execute: 创建socket成功
2019-10-29 15:32:31 >>>execute: 绑定ip，端口成功
2019-10-29 15:32:31 >>>execute: 开始监听

2019-10-29 15:32:51 >>>execute: 请求版本协议成功
2019-10-29 15:32:51 >>>execute: 创建socket成功
2019-10-29 15:32:51 >>>execute: 绑定ip，端口成功
2019-10-29 15:32:51 >>>execute: 开始监听

2019-10-29 15:33:10 >>>execute: 请求版本协议成功
2019-10-29 15:33:10 >>>execute: 创建socket成功
2019-10-29 15:33:10 >>>execute: 绑定ip，端口成功
2019-10-29 15:33:10 >>>execute: 开始监听

2019-10-29 15:34:12 >>>execute: 请求版本协议成功
2019-10-29 15:34:12 >>>execute: 创建socket成功
2019-10-29 15:34:12 >>>execute: 绑定ip，端口成功
2019-10-29 15:34:12 >>>execute: 开始监听

2019-10-29 15:34:18 >>>execute: 请求版本协议成功
2019-10-29 15:34:19 >>>execute: 创建socket成功
2019-10-29 15:34:19 >>>execute: 绑定ip，端口成功
2019-10-29 15:34:19 >>>execute: 开始监听

2019-10-29 15:35:35 >>>execute: 请求版本协议成功
2019-10-29 15:35:35 >>>execute: 创建socket成功
2019-10-29 15:35:35 >>>execute: 绑定ip，端口成功
2019-10-29 15:35:35 >>>execute: 开始监听

2019-10-29 21:42:36 >>>execute: 请求版本协议成功
2019-10-29 21:42:37 >>>execute: 创建socket成功
2019-10-29 21:42:37 >>>execute: 绑定ip，端口成功
2019-10-29 21:42:37 >>>execute: 开始监听

2019-10-29 21:52:26 >>>execute: 请求版本协议成功
2019-10-29 21:52:26 >>>execute: 创建socket成功
2019-10-29 21:52:26 >>>execute: 绑定ip，端口成功
2019-10-29 21:52:26 >>>execute: 开始监听

2019-10-29 21:54:39 >>>execute: 请求版本协议成功
2019-10-29 21:54:39 >>>execute: 创建socket成功
2019-10-29 21:54:39 >>>execute: 绑定ip，端口成功
2019-10-29 21:54:39 >>>execute: 开始监听

2019-10-29 22:02:34 >>>execute: 请求版本协议成功
2019-10-29 22:02:34 >>>execute: 创建socket成功
2019-10-29 22:02:34 >>>execute: 绑定ip，端口成功
2019-10-29 22:02:34 >>>execute: 开始监听

2019-10-29 22:10:53 >>>execute: 请求版本协议成功
2019-10-29 22:10:53 >>>execute: 创建socket成功
2019-10-29 22:10:53 >>>execute: 绑定ip，端口成功
2019-10-29 22:10:53 >>>execute: 开始监听

2019-10-29 22:32:52 >>>execute: 请求版本协议成功
2019-10-29 22:32:52 >>>execute: 创建socket成功
2019-10-29 22:32:52 >>>execute: 绑定ip，端口成功
2019-10-29 22:32:52 >>>execute: 开始监听

2019-10-31 14:26:59 >>>execute: 请求版本协议成功
2019-10-31 14:26:59 >>>execute: 创建socket成功
2019-10-31 14:26:59 >>>execute: 绑定ip，端口成功
2019-10-31 14:26:59 >>>execute: 开始监听

2019-10-31 14:30:23 >>>execute: 请求版本协议成功
2019-10-31 14:30:23 >>>execute: 创建socket成功
2019-10-31 14:30:23 >>>execute: 绑定ip，端口成功
2019-10-31 14:30:23 >>>execute: 开始监听

2019-10-31 21:53:49 >>>execute: 请求版本协议成功
2019-10-31 21:53:49 >>>execute: 创建socket成功
2019-10-31 21:53:49 >>>execute: 绑定ip，端口成功
2019-10-31 21:53:49 >>>execute: 开始监听

2019-10-31 21:56:08 >>>execute: 请求版本协议成功
2019-10-31 21:56:08 >>>execute: 创建socket成功
2019-10-31 21:56:08 >>>execute: 绑定ip，端口成功
2019-10-31 21:56:08 >>>execute: 开始监听

2019-10-31 21:58:40 >>>execute: 请求版本协议成功
2019-10-31 21:58:40 >>>execute: 创建socket成功
2019-10-31 21:58:40 >>>execute: 绑定ip，端口成功
2019-10-31 21:58:40 >>>execute: 开始监听

2019-10-31 22:00:14 >>>execute: 请求版本协议成功
2019-10-31 22:00:14 >>>execute: 创建socket成功
2019-10-31 22:00:14 >>>execute: 绑定ip，端口成功
2019-10-31 22:00:14 >>>execute: 开始监听

2019-10-31 22:01:12 >>>execute: 请求版本协议成功
2019-10-31 22:01:12 >>>execute: 创建socket成功
2019-10-31 22:01:12 >>>execute: 绑定ip，端口成功
2019-10-31 22:01:12 >>>execute: 开始监听

2019-10-31 22:02:04 >>>execute: 请求版本协议成功
2019-10-31 22:02:04 >>>execute: 创建socket成功
2019-10-31 22:02:04 >>>execute: 绑定ip，端口成功
2019-10-31 22:02:04 >>>execute: 开始监听

2019-10-31 22:05:18 >>>execute: 请求版本协议成功
2019-10-31 22:05:18 >>>execute: 创建socket成功
2019-10-31 22:05:18 >>>execute: 绑定ip，端口成功
2019-10-31 22:05:18 >>>execute: 开始监听

2019-10-31 22:08:06 >>>execute: 请求版本协议成功
2019-10-31 22:08:06 >>>execute: 创建socket成功
2019-10-31 22:08:06 >>>execute: 绑定ip，端口成功
2019-10-31 22:08:06 >>>execute: 开始监听

2019-10-31 22:10:07 >>>execute: 请求版本协议成功
2019-10-31 22:10:07 >>>execute: 创建socket成功
2019-10-31 22:10:07 >>>execute: 绑定ip，端口成功
2019-10-31 22:10:07 >>>execute: 开始监听

2019-10-31 22:12:39 >>>execute: 请求版本协议成功
2019-10-31 22:12:39 >>>execute: 创建socket成功
2019-10-31 22:12:39 >>>execute: 绑定ip，端口成功
2019-10-31 22:12:39 >>>execute: 开始监听

2019-10-31 22:14:08 >>>execute: 请求版本协议成功
2019-10-31 22:14:08 >>>execute: 创建socket成功
2019-10-31 22:14:08 >>>execute: 绑定ip，端口成功
2019-10-31 22:14:08 >>>execute: 开始监听

2019-10-31 22:14:49 >>>execute: 请求版本协议成功
2019-10-31 22:14:49 >>>execute: 创建socket成功
2019-10-31 22:14:49 >>>execute: 绑定ip，端口成功
2019-10-31 22:14:49 >>>execute: 开始监听

2019-10-31 22:17:38 >>>execute: 请求版本协议成功
2019-10-31 22:17:38 >>>execute: 创建socket成功
2019-10-31 22:17:38 >>>execute: 绑定ip，端口成功
2019-10-31 22:17:38 >>>execute: 开始监听

2019-10-31 22:18:38 >>>execute: 请求版本协议成功
2019-10-31 22:18:38 >>>execute: 创建socket成功
2019-10-31 22:18:38 >>>execute: 绑定ip，端口成功
2019-10-31 22:18:38 >>>execute: 开始监听

2019-10-31 22:21:55 >>>execute: 请求版本协议成功
2019-10-31 22:21:55 >>>execute: 创建socket成功
2019-10-31 22:21:55 >>>execute: 绑定ip，端口成功
2019-10-31 22:21:55 >>>execute: 开始监听

2019-10-31 22:22:49 >>>execute: 请求版本协议成功
2019-10-31 22:22:49 >>>execute: 创建socket成功
2019-10-31 22:22:49 >>>execute: 绑定ip，端口成功
2019-10-31 22:22:49 >>>execute: 开始监听

2019-10-31 22:24:28 >>>execute: 请求版本协议成功
2019-10-31 22:24:28 >>>execute: 创建socket成功
2019-10-31 22:24:28 >>>execute: 绑定ip，端口成功
2019-10-31 22:24:28 >>>execute: 开始监听

2019-10-31 22:27:27 >>>execute: 请求版本协议成功
2019-10-31 22:27:27 >>>execute: 创建socket成功
2019-10-31 22:27:27 >>>execute: 绑定ip，端口成功
2019-10-31 22:27:27 >>>execute: 开始监听

2019-10-31 22:30:18 >>>execute: 请求版本协议成功
2019-10-31 22:30:18 >>>execute: 创建socket成功
2019-10-31 22:30:18 >>>execute: 绑定ip，端口成功
2019-10-31 22:30:18 >>>execute: 开始监听

2019-10-31 22:31:23 >>>execute: 请求版本协议成功
2019-10-31 22:31:23 >>>execute: 创建socket成功
2019-10-31 22:31:23 >>>execute: 绑定ip，端口成功
2019-10-31 22:31:23 >>>execute: 开始监听

2019-10-31 22:32:34 >>>execute: 请求版本协议成功
2019-10-31 22:32:34 >>>execute: 创建socket成功
2019-10-31 22:32:34 >>>execute: 绑定ip，端口成功
2019-10-31 22:32:34 >>>execute: 开始监听

2019-10-31 23:29:45 >>>execute: 请求版本协议成功
2019-10-31 23:29:45 >>>execute: 创建socket成功
2019-10-31 23:29:45 >>>execute: 绑定ip，端口成功
2019-10-31 23:29:45 >>>execute: 开始监听

2019-10-31 23:31:13 >>>execute: 请求版本协议成功
2019-10-31 23:31:13 >>>execute: 创建socket成功
2019-10-31 23:31:13 >>>execute: 绑定ip，端口成功
2019-10-31 23:31:13 >>>execute: 开始监听

2019-11-04 22:06:50 >>>execute: 请求版本协议成功
2019-11-04 22:06:50 >>>execute: 创建socket成功
2019-11-04 22:06:50 >>>execute: 绑定ip，端口成功
2019-11-04 22:06:50 >>>execute: 开始监听

