2019-10-23 12:46:26 >>>execute: 用户登录失败！
2019-10-23 12:46:31 >>>execute: 用户hst登录失败！
2019-10-23 13:55:39 >>>execute: 用户登录失败！
2019-10-23 13:56:23 >>>execute: 用户tong登录失败！
2019-10-23 13:56:30 >>>execute: 用户hst登录成功！
2019-10-23 13:58:41 >>>execute: 用户登录成功！
2019-10-23 14:07:25 >>>execute: 用户登录成功！
2019-10-23 14:10:20 >>>execute: 用户登录成功！
2019-10-23 14:28:34 >>>execute: 用户登录成功！
2019-10-23 14:29:38 >>>execute: 用户登录成功！
2019-10-23 14:32:13 >>>execute: 用户登录成功！
2019-10-23 14:47:16 >>>execute: 用户登录成功！
2019-10-23 14:57:01 >>>execute: 用户登录成功！
2019-10-23 14:57:44 >>>execute: 用户登录失败！
2019-10-23 14:57:54 >>>execute: 用户tong登录失败！
2019-10-23 14:58:03 >>>execute: 用户tong登录成功！
2019-10-23 14:58:28 >>>execute: 用户登录成功！
2019-10-23 15:02:07 >>>execute: 用户登录失败！
2019-10-23 15:02:13 >>>execute: 用户tong登录成功！
2019-10-23 15:02:53 >>>execute: 用户登录成功！
2019-10-23 15:04:03 >>>execute: 用户登录成功！
2019-10-23 15:04:56 >>>execute: 用户登录成功！
2019-10-23 15:05:48 >>>execute: 用户登录成功！
2019-10-23 15:06:43 >>>execute: 用户登录成功！
2019-10-23 18:54:07 >>>execute: 用户登录成功！
2019-10-23 18:54:35 >>>execute: 用户登录成功！
2019-10-23 18:56:09 >>>execute: 用户登录成功！
2019-10-23 19:00:56 >>>execute: 用户登录成功！
2019-10-23 19:02:52 >>>execute: 用户登录成功！
2019-10-23 19:05:14 >>>execute: 用户登录成功！
2019-10-23 19:07:25 >>>execute: 用户登录成功！
2019-10-24 16:56:54 >>>execute: 用户登录成功！
2019-10-24 17:00:35 >>>execute: 用户登录成功！
2019-10-24 17:38:31 >>>execute: 用户登录成功！
2019-10-24 18:58:39 >>>execute: 用户登录成功！
2019-10-24 19:13:42 >>>execute: 用户登录成功！
2019-10-24 19:19:52 >>>execute: 用户登录失败！
2019-10-24 19:20:01 >>>execute: 用户hst138799345登录成功！
2019-10-24 19:21:42 >>>execute: 用户登录成功！
2019-10-24 19:22:53 >>>execute: 用户登录成功！
2019-10-24 19:24:07 >>>execute: 用户登录成功！
2019-10-24 19:25:10 >>>execute: 用户登录成功！
2019-10-24 19:32:02 >>>execute: 用户登录失败！
2019-10-24 19:32:10 >>>execute: 用户tong登录成功！
2019-10-24 19:33:14 >>>execute: 用户登录成功！
2019-10-24 19:33:56 >>>execute: 用户登录成功！
2019-10-24 19:34:49 >>>execute: 用户登录成功！
2019-10-24 19:36:35 >>>execute: 用户登录成功！
2019-10-24 19:37:26 >>>execute: 用户登录成功！
2019-10-24 19:40:12 >>>execute: 用户登录成功！
2019-10-24 19:41:18 >>>execute: 用户登录成功！
2019-10-24 19:41:49 >>>execute: 用户登录失败！
2019-10-24 19:41:53 >>>execute: 用户tongf登录成功！
2019-10-24 19:43:04 >>>execute: 用户登录成功！
2019-10-24 19:48:25 >>>execute: 用户登录成功！
2019-10-24 19:49:05 >>>execute: 用户登录成功！
2019-10-24 19:51:04 >>>execute: 用户登录成功！
2019-10-24 19:51:57 >>>execute: 用户登录成功！
2019-10-24 19:52:44 >>>execute: 用户登录成功！
2019-10-24 19:53:14 >>>execute: 用户登录成功！
2019-10-24 19:53:26 >>>execute: 用户登录成功！
2019-10-26 00:37:54 >>>execute: 用户登录成功！
2019-10-29 15:15:15 >>>execute: 用户登录失败！
2019-10-29 15:15:24 >>>execute: 用户tong登录成功！
2019-10-29 15:19:07 >>>execute: 用户登录成功！
2019-10-29 15:19:40 >>>execute: 用户登录成功！
2019-10-29 15:20:18 >>>execute: 用户登录成功！
2019-10-29 15:21:18 >>>execute: 用户登录成功！
2019-10-29 15:23:31 >>>execute: 用户登录成功！
2019-10-29 15:24:59 >>>execute: 用户登录成功！
2019-10-29 15:25:50 >>>execute: 用户登录成功！
2019-10-29 15:26:12 >>>execute: 用户登录成功！
2019-10-29 21:43:52 >>>execute: 用户登录成功！
2019-10-29 21:47:14 >>>execute: 用户登录成功！
2019-10-29 21:52:38 >>>execute: 用户登录成功！
2019-10-29 21:53:55 >>>execute: 用户登录成功！
2019-10-29 21:54:57 >>>execute: 用户登录成功！
2019-10-29 21:59:34 >>>execute: 用户登录成功！
2019-10-29 22:00:16 >>>execute: 用户登录成功！
2019-10-29 22:11:07 >>>execute: 用户登录成功！
2019-10-29 22:33:03 >>>execute: 用户登录成功！
2019-10-29 22:33:58 >>>execute: 用户登录失败！
2019-10-29 22:34:05 >>>execute: 用户tong登录成功！
2019-10-29 22:35:17 >>>execute: 用户登录成功！
2019-10-31 14:27:39 >>>execute: 用户登录成功！
2019-10-31 14:30:34 >>>execute: 用户登录成功！
2019-10-31 21:54:00 >>>execute: 用户登录失败！
2019-10-31 21:54:09 >>>execute: 用户tongf登录成功！
2019-10-31 21:56:30 >>>execute: 用户登录成功！
2019-10-31 21:58:49 >>>execute: 用户登录成功！
2019-10-31 21:59:49 >>>execute: 用户登录成功！
2019-10-31 22:00:25 >>>execute: 用户登录成功！
2019-10-31 22:02:16 >>>execute: 用户登录成功！
2019-10-31 22:05:28 >>>execute: 用户登录成功！
2019-10-31 22:08:19 >>>execute: 用户登录成功！
2019-10-31 22:10:18 >>>execute: 用户登录成功！
2019-10-31 22:12:58 >>>execute: 用户登录成功！
2019-10-31 22:13:36 >>>execute: 用户登录成功！
2019-10-31 22:15:01 >>>execute: 用户登录成功！
2019-10-31 22:17:48 >>>execute: 用户登录成功！
2019-10-31 22:18:47 >>>execute: 用户登录成功！
2019-10-31 22:23:01 >>>execute: 用户登录成功！
2019-10-31 22:24:38 >>>execute: 用户登录成功！
2019-10-31 22:25:21 >>>execute: 用户登录成功！
2019-10-31 22:27:37 >>>execute: 用户登录成功！
2019-10-31 22:28:16 >>>execute: 用户登录成功！
2019-10-31 22:30:31 >>>execute: 用户登录成功！
2019-10-31 22:30:45 >>>execute: 用户登录成功！
2019-10-31 22:31:38 >>>execute: 用户登录成功！
2019-10-31 22:32:48 >>>execute: 用户登录成功！
2019-10-31 23:32:07 >>>execute: 用户登录成功！
2019-11-04 22:07:11 >>>execute: 用户登录成功！
